<?xml version="1.0" encoding="UTF-8"?>
<testng-results ignored="0" total="1" passed="1" failed="0" skipped="0">
  <reporter-output>
  </reporter-output>
  <suite started-at="2024-06-26T23:52:16 IST" name="Suite" finished-at="2024-06-26T23:52:24 IST" duration-ms="8609">
    <groups>
    </groups>
    <test started-at="2024-06-26T23:52:16 IST" name="Test" finished-at="2024-06-26T23:52:24 IST" duration-ms="8609">
      <class name="com.automationmavenjenkins.Automationmavenjenkins.LaunchTest">
        <test-method is-config="true" signature="setup()[pri:0, instance:com.automationmavenjenkins.Automationmavenjenkins.LaunchTest@655ef322]" started-at="2024-06-26T23:52:10 IST" name="setup" finished-at="2024-06-26T23:52:16 IST" duration-ms="5769" status="PASS">
          <reporter-output>
          </reporter-output>
        </test-method> <!-- setup -->
        <test-method signature="launch()[pri:0, instance:com.automationmavenjenkins.Automationmavenjenkins.LaunchTest@655ef322]" started-at="2024-06-26T23:52:16 IST" name="launch" finished-at="2024-06-26T23:52:24 IST" duration-ms="8462" status="PASS">
          <reporter-output>
          </reporter-output>
        </test-method> <!-- launch -->
      </class> <!-- com.automationmavenjenkins.Automationmavenjenkins.LaunchTest -->
    </test> <!-- Test -->
  </suite> <!-- Suite -->
</testng-results>
